# configure exec: ./configure --prefix=/Users/mkananizadeh/Documents/Github/stream-me-up-scotty/demos/application-modernization/microservice/node_modules/node-rdkafka/build/deps --libdir=/Users/mkananizadeh/Documents/Github/stream-me-up-scotty/demos/application-modernization/microservice/node_modules/node-rdkafka/build/deps --prefix=/Users/mkananizadeh/Documents/Github/stream-me-up-scotty/demos/application-modernization/microservice/node_modules/node-rdkafka/build/deps --libdir=/Users/mkananizadeh/Documents/Github/stream-me-up-scotty/demos/application-modernization/microservice/node_modules/node-rdkafka/build/deps
# On Wed Jun 15 16:43:42 PDT 2022
DBG 40083: Setting distro (distro) status to ok (action ignore)
DBG 40083: ccenv: WITH_CC:  --version failed: mklove/modules/configure.base: line 1761: --version: command not found
DBG 40083: Setting ccenv (ccenv) status to failed (action cont)
DBG 40083: Check ccenv (WITH_CC, action cont (originally cont)) failed: command ' --version' failed:
mklove/modules/configure.base: line 1761: --version: command not found
DBG 40083: Setting gcc (gcc) status to ok (action cont)
DBG 40083: cxxenv: WITH_CXX:  --version failed: mklove/modules/configure.base: line 1761: --version: command not found
DBG 40083: Setting cxxenv (cxxenv) status to failed (action cont)
DBG 40083: Check cxxenv (WITH_CXX, action cont (originally cont)) failed: command ' --version' failed:
mklove/modules/configure.base: line 1761: --version: command not found
DBG 40083: Setting gxx (gxx) status to ok (action cont)
DBG 40083: Setting ld (ld) status to ok (action disable)
DBG 40083: Setting nm (nm) status to ok (action disable)
DBG 40083: Setting objdump (objdump) status to ok (action disable)
DBG 40083: Setting strip (strip) status to ok (action disable)
DBG 40083: Setting libtool (libtool) status to ok (action disable)
DBG 40083: Setting ranlib (ranlib) status to ok (action disable)
DBG 40083: Compile check cc_g_dwarf () (sub=0): gcc  -I/usr/local/opt/openssl@1.1/include -Wall -Werror _mkltmp0qdhMw.c -o _mkltmp0qdhMw.c.o  -L/usr/local/opt/openssl@1.1/lib -L/Users/mkananizadeh/Documents/Github/stream-me-up-scotty/demos/application-modernization/microservice/node_modules/node-rdkafka/build/deps -gstrict-dwarf
DBG 40083: Setting cc_g_dwarf (cc_g_dwarf) status to ok (action cont)
DBG 40083: Setting pkgconfig (pkgconfig) status to ok (action cont)
DBG 40083: install: WITH_INSTALL: install --version failed: install: illegal option -- -
usage: install [-bCcpSsv] [-B suffix] [-f flags] [-g group] [-m mode]
               [-o owner] file1 file2
       install [-bCcpSsv] [-B suffix] [-f flags] [-g group] [-m mode]
               [-o owner] file1 ... fileN directory
       install -d [-v] [-g group] [-m mode] [-o owner] directory ...
DBG 40083: Setting install (install) status to failed (action cont)
DBG 40083: Check install (WITH_INSTALL, action cont (originally cont)) failed: command 'install --version' failed:
install: illegal option -- -
usage: install [-bCcpSsv] [-B suffix] [-f flags] [-g group] [-m mode]
               [-o owner] file1 file2
       install [-bCcpSsv] [-B suffix] [-f flags] [-g group] [-m mode]
               [-o owner] file1 ... fileN directory
       install -d [-v] [-g group] [-m mode] [-o owner] directory ...
DBG 40083: Compile check PIC (HAVE_PIC) (sub=0): gcc  -I/usr/local/opt/openssl@1.1/include -gstrict-dwarf -O2 -Wall -Werror _mkltmpen8Upq.c -o _mkltmpen8Upq.c.o  -L/usr/local/opt/openssl@1.1/lib -L/Users/mkananizadeh/Documents/Github/stream-me-up-scotty/demos/application-modernization/microservice/node_modules/node-rdkafka/build/deps -fPIC
DBG 40083: Setting PIC (PIC) status to ok (action disable)
DBG 40083: Compile check gnulib (WITH_GNULD) (sub=0): gcc  -I/usr/local/opt/openssl@1.1/include -gstrict-dwarf -O2 -fPIC -Wall -Werror _mkltmpJvAe2V.c -o _mkltmpJvAe2V.c.o  -L/usr/local/opt/openssl@1.1/lib -L/Users/mkananizadeh/Documents/Github/stream-me-up-scotty/demos/application-modernization/microservice/node_modules/node-rdkafka/build/deps -shared -Wl,-soname,mkltest.0
DBG 40083: compile check for gnulib (WITH_GNULD) failed: gcc  -I/usr/local/opt/openssl@1.1/include -gstrict-dwarf -O2 -fPIC -Wall -Werror _mkltmpJvAe2V.c -o _mkltmpJvAe2V.c.o  -L/usr/local/opt/openssl@1.1/lib -L/Users/mkananizadeh/Documents/Github/stream-me-up-scotty/demos/application-modernization/microservice/node_modules/node-rdkafka/build/deps -shared -Wl,-soname,mkltest.0: ld: unknown option: -soname
clang: error: linker command failed with exit code 1 (use -v to see invocation)
DBG 40083: Setting gnulib (gnulib) status to failed (action cont)
DBG 40083: Check gnulib (WITH_GNULD, action cont (originally cont)) failed: compile check failed:
CC: CC
flags: -shared -Wl,-soname,mkltest.0
gcc  -I/usr/local/opt/openssl@1.1/include -gstrict-dwarf -O2 -fPIC -Wall -Werror _mkltmpJvAe2V.c -o _mkltmpJvAe2V.c.o  -L/usr/local/opt/openssl@1.1/lib -L/Users/mkananizadeh/Documents/Github/stream-me-up-scotty/demos/application-modernization/microservice/node_modules/node-rdkafka/build/deps -shared -Wl,-soname,mkltest.0:
ld: unknown option: -soname
clang: error: linker command failed with exit code 1 (use -v to see invocation)
source: 
DBG 40083: Compile check osxlib (WITH_OSXLD) (sub=0): gcc  -I/usr/local/opt/openssl@1.1/include -gstrict-dwarf -O2 -fPIC -Wall -Werror _mkltmp8xiKwx.c -o _mkltmp8xiKwx.c.o  -L/usr/local/opt/openssl@1.1/lib -L/Users/mkananizadeh/Documents/Github/stream-me-up-scotty/demos/application-modernization/microservice/node_modules/node-rdkafka/build/deps -dynamiclib -Wl,-install_name,/tmp/mkltest.so.0
DBG 40083: Setting osxlib (osxlib) status to ok (action cont)
DBG 40083: Compile check ldsflagvs () (sub=0): gcc  -I/usr/local/opt/openssl@1.1/include -gstrict-dwarf -O2 -fPIC -Wall -Werror _mkltmphxPwuq.c -o _mkltmphxPwuq.c.o  -L/usr/local/opt/openssl@1.1/lib -L/Users/mkananizadeh/Documents/Github/stream-me-up-scotty/demos/application-modernization/microservice/node_modules/node-rdkafka/build/deps -shared -Wl,--version-script=_mkltmp5IMeXg
DBG 40083: compile check for ldsflagvs () failed: gcc  -I/usr/local/opt/openssl@1.1/include -gstrict-dwarf -O2 -fPIC -Wall -Werror _mkltmphxPwuq.c -o _mkltmphxPwuq.c.o  -L/usr/local/opt/openssl@1.1/lib -L/Users/mkananizadeh/Documents/Github/stream-me-up-scotty/demos/application-modernization/microservice/node_modules/node-rdkafka/build/deps -shared -Wl,--version-script=_mkltmp5IMeXg: ld: unknown option: --version-script=_mkltmp5IMeXg
clang: error: linker command failed with exit code 1 (use -v to see invocation)
DBG 40083: Setting ldsflagvs (ldsflagvs) status to failed (action cont)
DBG 40083: Check ldsflagvs (, action cont (originally cont)) failed: compile check failed:
CC: CC
flags: -shared -Wl,--version-script=_mkltmp5IMeXg
gcc  -I/usr/local/opt/openssl@1.1/include -gstrict-dwarf -O2 -fPIC -Wall -Werror _mkltmphxPwuq.c -o _mkltmphxPwuq.c.o  -L/usr/local/opt/openssl@1.1/lib -L/Users/mkananizadeh/Documents/Github/stream-me-up-scotty/demos/application-modernization/microservice/node_modules/node-rdkafka/build/deps -shared -Wl,--version-script=_mkltmp5IMeXg:
ld: unknown option: --version-script=_mkltmp5IMeXg
clang: error: linker command failed with exit code 1 (use -v to see invocation)
source: 
DBG 40083: Compile check ldsflagm () (sub=0): gcc  -I/usr/local/opt/openssl@1.1/include -gstrict-dwarf -O2 -fPIC -Wall -Werror _mkltmp6HNULX.c -o _mkltmp6HNULX.c.o  -L/usr/local/opt/openssl@1.1/lib -L/Users/mkananizadeh/Documents/Github/stream-me-up-scotty/demos/application-modernization/microservice/node_modules/node-rdkafka/build/deps -shared -Wl,-M_mkltmp5IMeXg
DBG 40083: compile check for ldsflagm () failed: gcc  -I/usr/local/opt/openssl@1.1/include -gstrict-dwarf -O2 -fPIC -Wall -Werror _mkltmp6HNULX.c -o _mkltmp6HNULX.c.o  -L/usr/local/opt/openssl@1.1/lib -L/Users/mkananizadeh/Documents/Github/stream-me-up-scotty/demos/application-modernization/microservice/node_modules/node-rdkafka/build/deps -shared -Wl,-M_mkltmp5IMeXg: ld: unknown option: -M_mkltmp5IMeXg
clang: error: linker command failed with exit code 1 (use -v to see invocation)
DBG 40083: Setting ldsflagm (ldsflagm) status to failed (action ignore)
DBG 40083: Check ldsflagm (, action ignore (originally ignore)) failed: compile check failed:
CC: CC
flags: -shared -Wl,-M_mkltmp5IMeXg
gcc  -I/usr/local/opt/openssl@1.1/include -gstrict-dwarf -O2 -fPIC -Wall -Werror _mkltmp6HNULX.c -o _mkltmp6HNULX.c.o  -L/usr/local/opt/openssl@1.1/lib -L/Users/mkananizadeh/Documents/Github/stream-me-up-scotty/demos/application-modernization/microservice/node_modules/node-rdkafka/build/deps -shared -Wl,-M_mkltmp5IMeXg:
ld: unknown option: -M_mkltmp5IMeXg
clang: error: linker command failed with exit code 1 (use -v to see invocation)
source: 
DBG 40083: Compile check __atomic_32 (HAVE_ATOMICS_32) (sub=0): gcc  -I/usr/local/opt/openssl@1.1/include -gstrict-dwarf -O2 -fPIC -Wall -Werror _mkltmp2fyUQZ.c -o _mkltmp2fyUQZ.c.o  -L/usr/local/opt/openssl@1.1/lib -L/Users/mkananizadeh/Documents/Github/stream-me-up-scotty/demos/application-modernization/microservice/node_modules/node-rdkafka/build/deps 
DBG 40083: Setting __atomic_32 (__atomic_32) status to ok (action cont)
DBG 40083: Compile check __atomic_64 (HAVE_ATOMICS_64) (sub=0): gcc  -I/usr/local/opt/openssl@1.1/include -gstrict-dwarf -O2 -fPIC -Wall -Werror _mkltmpuEU9gc.c -o _mkltmpuEU9gc.c.o  -L/usr/local/opt/openssl@1.1/lib -L/Users/mkananizadeh/Documents/Github/stream-me-up-scotty/demos/application-modernization/microservice/node_modules/node-rdkafka/build/deps 
DBG 40083: Setting __atomic_64 (__atomic_64) status to ok (action cont)
DBG 40083: Compile check socket () (sub=0): gcc  -I/usr/local/opt/openssl@1.1/include -gstrict-dwarf -O2 -fPIC -Wall -Wsign-compare -Wfloat-equal -Wpointer-arith -Wcast-align -Wall -Werror _mkltmp7wsWsE.c -o _mkltmp7wsWsE.c.o  -L/usr/local/opt/openssl@1.1/lib -L/Users/mkananizadeh/Documents/Github/stream-me-up-scotty/demos/application-modernization/microservice/node_modules/node-rdkafka/build/deps 
DBG 40083: Setting socket (socket) status to ok (action cont)
DBG 40083: Setting parseversion (parseversion) status to ok (action cont)
DBG 40083: pkg-config check librt for CFLAGS (): pkg-config --short-errors --cflags librt
DBG 40083: 'pkg-config --short-errors --cflags librt' failed: No package 'librt' found
DBG 40083: Setting librt_PKGCONFIG (librt_PKGCONFIG) status to failed (action cont)
DBG 40083: Check librt_PKGCONFIG (, action cont (originally cont)) failed: 'pkg-config --short-errors --cflags librt' failed:
No package 'librt' found
DBG 40083: librt: Check for static library (libs -lrt, arfile variable STATIC_LIB_librt=, static filenames )
DBG 40083: Compile check librt () (sub=0): gcc  -I/usr/local/opt/openssl@1.1/include -gstrict-dwarf -O2 -fPIC -Wall -Wsign-compare -Wfloat-equal -Wpointer-arith -Wcast-align -Wall -Werror _mkltmpmq9IP9.c -o _mkltmpmq9IP9.c.o  -L/usr/local/opt/openssl@1.1/lib -L/Users/mkananizadeh/Documents/Github/stream-me-up-scotty/demos/application-modernization/microservice/node_modules/node-rdkafka/build/deps -lrt
DBG 40083: compile check for librt () failed: gcc  -I/usr/local/opt/openssl@1.1/include -gstrict-dwarf -O2 -fPIC -Wall -Wsign-compare -Wfloat-equal -Wpointer-arith -Wcast-align -Wall -Werror _mkltmpmq9IP9.c -o _mkltmpmq9IP9.c.o  -L/usr/local/opt/openssl@1.1/lib -L/Users/mkananizadeh/Documents/Github/stream-me-up-scotty/demos/application-modernization/microservice/node_modules/node-rdkafka/build/deps -lrt: ld: library not found for -lrt
clang: error: linker command failed with exit code 1 (use -v to see invocation)
DBG 40083: Setting librt (librt) status to failed (action cont)
DBG 40083: Check librt (, action cont (originally cont)) failed: compile check failed:
CC: CC
flags: -lrt
gcc  -I/usr/local/opt/openssl@1.1/include -gstrict-dwarf -O2 -fPIC -Wall -Wsign-compare -Wfloat-equal -Wpointer-arith -Wcast-align -Wall -Werror _mkltmpmq9IP9.c -o _mkltmpmq9IP9.c.o  -L/usr/local/opt/openssl@1.1/lib -L/Users/mkananizadeh/Documents/Github/stream-me-up-scotty/demos/application-modernization/microservice/node_modules/node-rdkafka/build/deps -lrt:
ld: library not found for -lrt
clang: error: linker command failed with exit code 1 (use -v to see invocation)
source: 
DBG 40083: pkg-config check libpthread for CFLAGS (): pkg-config --short-errors --cflags libpthread
DBG 40083: 'pkg-config --short-errors --cflags libpthread' failed: No package 'libpthread' found
DBG 40083: Setting libpthread_PKGCONFIG (libpthread_PKGCONFIG) status to failed (action cont)
DBG 40083: Check libpthread_PKGCONFIG (, action cont (originally cont)) failed: 'pkg-config --short-errors --cflags libpthread' failed:
No package 'libpthread' found
DBG 40083: libpthread: Check for static library (libs -lpthread, arfile variable STATIC_LIB_libpthread=, static filenames )
DBG 40083: Compile check libpthread () (sub=0): gcc  -I/usr/local/opt/openssl@1.1/include -gstrict-dwarf -O2 -fPIC -Wall -Wsign-compare -Wfloat-equal -Wpointer-arith -Wcast-align -Wall -Werror _mkltmp3xncCj.c -o _mkltmp3xncCj.c.o  -L/usr/local/opt/openssl@1.1/lib -L/Users/mkananizadeh/Documents/Github/stream-me-up-scotty/demos/application-modernization/microservice/node_modules/node-rdkafka/build/deps -lpthread
DBG 40083: Setting libpthread (libpthread) status to ok (action fail)
DBG 40083: libpthread: from lib_check: LIBS: prepend -lpthread
DBG 40083: pkg-config check c11threads for CFLAGS (WITH_C11THREADS): pkg-config --short-errors --cflags c11threads
DBG 40083: 'pkg-config --short-errors --cflags c11threads' failed: No package 'c11threads' found
DBG 40083: Setting c11threads_PKGCONFIG (c11threads_PKGCONFIG) status to failed (action cont)
DBG 40083: Check c11threads_PKGCONFIG (, action cont (originally cont)) failed: 'pkg-config --short-errors --cflags c11threads' failed:
No package 'c11threads' found
DBG 40083: c11threads: Check for static library (libs -lpthread, arfile variable STATIC_LIB_c11threads=, static filenames )
DBG 40083: Compile check c11threads (WITH_C11THREADS) (sub=0): gcc  -I/usr/local/opt/openssl@1.1/include -gstrict-dwarf -O2 -fPIC -Wall -Wsign-compare -Wfloat-equal -Wpointer-arith -Wcast-align -Wall -Werror _mkltmpZfPnY2.c -o _mkltmpZfPnY2.c.o  -L/usr/local/opt/openssl@1.1/lib -L/Users/mkananizadeh/Documents/Github/stream-me-up-scotty/demos/application-modernization/microservice/node_modules/node-rdkafka/build/deps -lpthread
DBG 40083: compile check for c11threads (WITH_C11THREADS) failed: gcc  -I/usr/local/opt/openssl@1.1/include -gstrict-dwarf -O2 -fPIC -Wall -Wsign-compare -Wfloat-equal -Wpointer-arith -Wcast-align -Wall -Werror _mkltmpZfPnY2.c -o _mkltmpZfPnY2.c.o  -L/usr/local/opt/openssl@1.1/lib -L/Users/mkananizadeh/Documents/Github/stream-me-up-scotty/demos/application-modernization/microservice/node_modules/node-rdkafka/build/deps -lpthread: _mkltmpZfPnY2.c:2:10: fatal error: 'threads.h' file not found
#include <threads.h>
         ^~~~~~~~~~~
1 error generated.
DBG 40083: Setting c11threads (c11threads) status to failed (action disable)
DBG 40083: Check c11threads (WITH_C11THREADS, action disable (originally disable)) failed: compile check failed:
CC: CC
flags: -lpthread
gcc  -I/usr/local/opt/openssl@1.1/include -gstrict-dwarf -O2 -fPIC -Wall -Wsign-compare -Wfloat-equal -Wpointer-arith -Wcast-align -Wall -Werror _mkltmpZfPnY2.c -o _mkltmpZfPnY2.c.o  -L/usr/local/opt/openssl@1.1/lib -L/Users/mkananizadeh/Documents/Github/stream-me-up-scotty/demos/application-modernization/microservice/node_modules/node-rdkafka/build/deps -lpthread:
_mkltmpZfPnY2.c:2:10: fatal error: 'threads.h' file not found
#include <threads.h>
         ^~~~~~~~~~~
1 error generated.
source: 
#include <threads.h>


static int start_func (void *arg) {
   int iarg = *(int *)arg;
   return iarg;
}

void foo (void) {
    thrd_t thr;
    int arg = 1;
    if (thrd_create(&thr, start_func, (void *)&arg) != thrd_success) {
      ;
    }
}

DBG 40083: pkg-config check libdl for CFLAGS (WITH_LIBDL): pkg-config --short-errors --cflags libdl
DBG 40083: 'pkg-config --short-errors --cflags libdl' failed: No package 'libdl' found
DBG 40083: Setting libdl_PKGCONFIG (libdl_PKGCONFIG) status to failed (action cont)
DBG 40083: Check libdl_PKGCONFIG (, action cont (originally cont)) failed: 'pkg-config --short-errors --cflags libdl' failed:
No package 'libdl' found
DBG 40083: libdl: Check for static library (libs -ldl, arfile variable STATIC_LIB_libdl=, static filenames )
DBG 40083: Compile check libdl (WITH_LIBDL) (sub=0): gcc  -I/usr/local/opt/openssl@1.1/include -gstrict-dwarf -O2 -fPIC -Wall -Wsign-compare -Wfloat-equal -Wpointer-arith -Wcast-align -Wall -Werror _mkltmp6bGdDz.c -o _mkltmp6bGdDz.c.o  -L/usr/local/opt/openssl@1.1/lib -L/Users/mkananizadeh/Documents/Github/stream-me-up-scotty/demos/application-modernization/microservice/node_modules/node-rdkafka/build/deps -ldl
DBG 40083: Setting libdl (libdl) status to ok (action disable)
DBG 40083: libdl: from lib_check: LIBS: prepend -ldl
DBG 40083: pkg-config check zlib for CFLAGS (WITH_ZLIB): pkg-config --short-errors --cflags zlib
DBG 40083: pkg-config check zlib for LIBS (WITH_ZLIB): pkg-config --short-errors --libs zlib
DBG 40083: zlib: from pkg-config: CFLAGS '', LIBS '-ldl -lpthread'
DBG 40083: zlib: performing compile check using pkg-config info
DBG 40083: Compile check zlib (WITH_ZLIB) (sub=1): gcc  -I/usr/local/opt/openssl@1.1/include -gstrict-dwarf -O2 -fPIC -Wall -Wsign-compare -Wfloat-equal -Wpointer-arith -Wcast-align -Wall -Werror _mkltmpjFjGfx.c -o _mkltmpjFjGfx.c.o  -L/usr/local/opt/openssl@1.1/lib -L/Users/mkananizadeh/Documents/Github/stream-me-up-scotty/demos/application-modernization/microservice/node_modules/node-rdkafka/build/deps  -lz
DBG 40083: zlib: Check for static library (libs -lz, arfile variable STATIC_LIB_zlib=, static filenames libz.a)
DBG 40083: zlib: from pkg-config: LIBS: prepend -lz
DBG 40083: Setting zlib (zlib) status to ok (action cont)
DBG 40083: pkg-config check libcrypto for CFLAGS (): pkg-config --short-errors --cflags libcrypto
DBG 40083: pkg-config check libcrypto for LIBS (): pkg-config --short-errors --libs libcrypto
DBG 40083: libcrypto: from pkg-config: CFLAGS '', LIBS '-lz -ldl -lpthread'
DBG 40083: libcrypto: performing compile check using pkg-config info
DBG 40083: Compile check libcrypto () (sub=1): gcc  -I/usr/local/opt/openssl@1.1/include -gstrict-dwarf -O2 -fPIC -Wall -Wsign-compare -Wfloat-equal -Wpointer-arith -Wcast-align -Wall -Werror _mkltmp5X9Ow7.c -o _mkltmp5X9Ow7.c.o  -L/usr/local/opt/openssl@1.1/lib -L/Users/mkananizadeh/Documents/Github/stream-me-up-scotty/demos/application-modernization/microservice/node_modules/node-rdkafka/build/deps -I/usr/local/Cellar/openssl@1.1/1.1.1o/include -L/usr/local/Cellar/openssl@1.1/1.1.1o/lib -lcrypto
DBG 40083: libcrypto: Check for static library (libs -L/usr/local/Cellar/openssl@1.1/1.1.1o/lib -lcrypto, arfile variable STATIC_LIB_libcrypto=, static filenames libcrypto.a)
DBG 40083: libcrypto: from pkg-config: LIBS: prepend -L/usr/local/Cellar/openssl@1.1/1.1.1o/lib -lcrypto
DBG 40083: Setting libcrypto (libcrypto) status to ok (action cont)
DBG 40083: pkg-config check libssl for CFLAGS (WITH_SSL): pkg-config --short-errors --cflags libssl
DBG 40083: pkg-config check libssl for LIBS (WITH_SSL): pkg-config --short-errors --libs libssl
DBG 40083: libssl: from pkg-config: CFLAGS '-I/usr/local/Cellar/openssl@1.1/1.1.1o/include', LIBS '-L/usr/local/Cellar/openssl@1.1/1.1.1o/lib -lcrypto -lz -ldl -lpthread'
DBG 40083: libssl: performing compile check using pkg-config info
DBG 40083: Compile check libssl (WITH_SSL) (sub=1): gcc -I/usr/local/Cellar/openssl@1.1/1.1.1o/include -I/usr/local/opt/openssl@1.1/include -gstrict-dwarf -O2 -fPIC -Wall -Wsign-compare -Wfloat-equal -Wpointer-arith -Wcast-align -Wall -Werror _mkltmpdOwr5D.c -o _mkltmpdOwr5D.c.o  -L/usr/local/opt/openssl@1.1/lib -L/Users/mkananizadeh/Documents/Github/stream-me-up-scotty/demos/application-modernization/microservice/node_modules/node-rdkafka/build/deps -I/usr/local/Cellar/openssl@1.1/1.1.1o/include -L/usr/local/Cellar/openssl@1.1/1.1.1o/lib -lssl
DBG 40083: libssl: Check for static library (libs -L/usr/local/Cellar/openssl@1.1/1.1.1o/lib -lssl, arfile variable STATIC_LIB_libssl=, static filenames libssl.a)
DBG 40083: libssl: from pkg-config: LIBS: prepend -L/usr/local/Cellar/openssl@1.1/1.1.1o/lib -lssl
DBG 40083: Setting libssl (libssl) status to ok (action cont)
DBG 40083: pkg-config check libsasl2 for CFLAGS (WITH_SASL_CYRUS): pkg-config --short-errors --cflags libsasl2
DBG 40083: 'pkg-config --short-errors --cflags libsasl2' failed: No package 'libsasl2' found
DBG 40083: Setting libsasl2_PKGCONFIG (libsasl2_PKGCONFIG) status to failed (action cont)
DBG 40083: Check libsasl2_PKGCONFIG (, action cont (originally cont)) failed: 'pkg-config --short-errors --cflags libsasl2' failed:
No package 'libsasl2' found
DBG 40083: libsasl2: Check for static library (libs -lsasl2, arfile variable STATIC_LIB_libsasl2=, static filenames )
DBG 40083: Compile check libsasl2 (WITH_SASL_CYRUS) (sub=0): gcc -I/usr/local/Cellar/openssl@1.1/1.1.1o/include -I/usr/local/Cellar/openssl@1.1/1.1.1o/include -I/usr/local/opt/openssl@1.1/include -gstrict-dwarf -O2 -fPIC -Wall -Wsign-compare -Wfloat-equal -Wpointer-arith -Wcast-align -Wall -Werror _mkltmpHq5Ow2.c -o _mkltmpHq5Ow2.c.o  -L/usr/local/opt/openssl@1.1/lib -L/Users/mkananizadeh/Documents/Github/stream-me-up-scotty/demos/application-modernization/microservice/node_modules/node-rdkafka/build/deps -lsasl2
DBG 40083: Setting libsasl2 (libsasl2) status to ok (action disable)
DBG 40083: libsasl2: from lib_check: LIBS: prepend -lsasl2
DBG 40083: pkg-config check libzstd for CFLAGS (WITH_ZSTD): pkg-config --short-errors --cflags libzstd
DBG 40083: 'pkg-config --short-errors --cflags libzstd' failed: No package 'libzstd' found
DBG 40083: Setting libzstd_PKGCONFIG (libzstd_PKGCONFIG) status to failed (action cont)
DBG 40083: Check libzstd_PKGCONFIG (, action cont (originally cont)) failed: 'pkg-config --short-errors --cflags libzstd' failed:
No package 'libzstd' found
DBG 40083: libzstd: Check for static library (libs -lzstd, arfile variable STATIC_LIB_libzstd=, static filenames libzstd.a)
DBG 40083: Compile check libzstd (WITH_ZSTD) (sub=0): gcc -I/usr/local/Cellar/openssl@1.1/1.1.1o/include -I/usr/local/Cellar/openssl@1.1/1.1.1o/include -I/usr/local/opt/openssl@1.1/include -gstrict-dwarf -O2 -fPIC -Wall -Wsign-compare -Wfloat-equal -Wpointer-arith -Wcast-align -Wall -Werror _mkltmptZDerF.c -o _mkltmptZDerF.c.o  -L/usr/local/opt/openssl@1.1/lib -L/Users/mkananizadeh/Documents/Github/stream-me-up-scotty/demos/application-modernization/microservice/node_modules/node-rdkafka/build/deps -lzstd
DBG 40083: compile check for libzstd (WITH_ZSTD) failed: gcc -I/usr/local/Cellar/openssl@1.1/1.1.1o/include -I/usr/local/Cellar/openssl@1.1/1.1.1o/include -I/usr/local/opt/openssl@1.1/include -gstrict-dwarf -O2 -fPIC -Wall -Wsign-compare -Wfloat-equal -Wpointer-arith -Wcast-align -Wall -Werror _mkltmptZDerF.c -o _mkltmptZDerF.c.o  -L/usr/local/opt/openssl@1.1/lib -L/Users/mkananizadeh/Documents/Github/stream-me-up-scotty/demos/application-modernization/microservice/node_modules/node-rdkafka/build/deps -lzstd: _mkltmptZDerF.c:2:10: fatal error: 'zstd.h' file not found
#include <zstd.h>
         ^~~~~~~~
1 error generated.
DBG 40083: Setting libzstd (libzstd) status to failed (action disable)
DBG 40083: Check libzstd (WITH_ZSTD, action disable (originally disable)) failed: compile check failed:
CC: CC
flags: -lzstd
gcc -I/usr/local/Cellar/openssl@1.1/1.1.1o/include -I/usr/local/Cellar/openssl@1.1/1.1.1o/include -I/usr/local/opt/openssl@1.1/include -gstrict-dwarf -O2 -fPIC -Wall -Wsign-compare -Wfloat-equal -Wpointer-arith -Wcast-align -Wall -Werror _mkltmptZDerF.c -o _mkltmptZDerF.c.o  -L/usr/local/opt/openssl@1.1/lib -L/Users/mkananizadeh/Documents/Github/stream-me-up-scotty/demos/application-modernization/microservice/node_modules/node-rdkafka/build/deps -lzstd:
_mkltmptZDerF.c:2:10: fatal error: 'zstd.h' file not found
#include <zstd.h>
         ^~~~~~~~
1 error generated.
source: 
#include <zstd.h>
#include <zstd_errors.h>

void foo (void) {
     ZSTD_getFrameContentSize(NULL, 0);
}

DBG 40083: pkg-config check libm for CFLAGS (): pkg-config --short-errors --cflags libm
DBG 40083: 'pkg-config --short-errors --cflags libm' failed: No package 'libm' found
DBG 40083: Setting libm_PKGCONFIG (libm_PKGCONFIG) status to failed (action cont)
DBG 40083: Check libm_PKGCONFIG (, action cont (originally cont)) failed: 'pkg-config --short-errors --cflags libm' failed:
No package 'libm' found
DBG 40083: libm: Check for static library (libs -lm, arfile variable STATIC_LIB_libm=, static filenames )
DBG 40083: Compile check libm () (sub=0): gcc -I/usr/local/Cellar/openssl@1.1/1.1.1o/include -I/usr/local/Cellar/openssl@1.1/1.1.1o/include -I/usr/local/opt/openssl@1.1/include -gstrict-dwarf -O2 -fPIC -Wall -Wsign-compare -Wfloat-equal -Wpointer-arith -Wcast-align -Wall -Werror _mkltmpmSzS0c.c -o _mkltmpmSzS0c.c.o  -L/usr/local/opt/openssl@1.1/lib -L/Users/mkananizadeh/Documents/Github/stream-me-up-scotty/demos/application-modernization/microservice/node_modules/node-rdkafka/build/deps -lm
DBG 40083: Setting libm (libm) status to ok (action disable)
DBG 40083: libm: from lib_check: LIBS: prepend -lm
DBG 40083: pkg-config check liblz4 for CFLAGS (WITH_LZ4_EXT): pkg-config --short-errors --cflags liblz4
DBG 40083: 'pkg-config --short-errors --cflags liblz4' failed: No package 'liblz4' found
DBG 40083: Setting liblz4_PKGCONFIG (liblz4_PKGCONFIG) status to failed (action cont)
DBG 40083: Check liblz4_PKGCONFIG (, action cont (originally cont)) failed: 'pkg-config --short-errors --cflags liblz4' failed:
No package 'liblz4' found
DBG 40083: liblz4: Check for static library (libs -llz4, arfile variable STATIC_LIB_liblz4=, static filenames liblz4.a)
DBG 40083: Compile check liblz4 (WITH_LZ4_EXT) (sub=0): gcc -I/usr/local/Cellar/openssl@1.1/1.1.1o/include -I/usr/local/Cellar/openssl@1.1/1.1.1o/include -I/usr/local/opt/openssl@1.1/include -gstrict-dwarf -O2 -fPIC -Wall -Wsign-compare -Wfloat-equal -Wpointer-arith -Wcast-align -Wall -Werror _mkltmp9nudAI.c -o _mkltmp9nudAI.c.o  -L/usr/local/opt/openssl@1.1/lib -L/Users/mkananizadeh/Documents/Github/stream-me-up-scotty/demos/application-modernization/microservice/node_modules/node-rdkafka/build/deps -llz4
DBG 40083: compile check for liblz4 (WITH_LZ4_EXT) failed: gcc -I/usr/local/Cellar/openssl@1.1/1.1.1o/include -I/usr/local/Cellar/openssl@1.1/1.1.1o/include -I/usr/local/opt/openssl@1.1/include -gstrict-dwarf -O2 -fPIC -Wall -Wsign-compare -Wfloat-equal -Wpointer-arith -Wcast-align -Wall -Werror _mkltmp9nudAI.c -o _mkltmp9nudAI.c.o  -L/usr/local/opt/openssl@1.1/lib -L/Users/mkananizadeh/Documents/Github/stream-me-up-scotty/demos/application-modernization/microservice/node_modules/node-rdkafka/build/deps -llz4: _mkltmp9nudAI.c:1:10: fatal error: 'lz4frame.h' file not found
#include <lz4frame.h>
         ^~~~~~~~~~~~
1 error generated.
DBG 40083: Setting liblz4 (liblz4) status to failed (action disable)
DBG 40083: Check liblz4 (WITH_LZ4_EXT, action disable (originally disable)) failed: compile check failed:
CC: CC
flags: -llz4
gcc -I/usr/local/Cellar/openssl@1.1/1.1.1o/include -I/usr/local/Cellar/openssl@1.1/1.1.1o/include -I/usr/local/opt/openssl@1.1/include -gstrict-dwarf -O2 -fPIC -Wall -Wsign-compare -Wfloat-equal -Wpointer-arith -Wcast-align -Wall -Werror _mkltmp9nudAI.c -o _mkltmp9nudAI.c.o  -L/usr/local/opt/openssl@1.1/lib -L/Users/mkananizadeh/Documents/Github/stream-me-up-scotty/demos/application-modernization/microservice/node_modules/node-rdkafka/build/deps -llz4:
_mkltmp9nudAI.c:1:10: fatal error: 'lz4frame.h' file not found
#include <lz4frame.h>
         ^~~~~~~~~~~~
1 error generated.
source: #include <lz4frame.h>
DBG 40083: Compile check syslog (WITH_SYSLOG) (sub=0): gcc -I/usr/local/Cellar/openssl@1.1/1.1.1o/include -I/usr/local/Cellar/openssl@1.1/1.1.1o/include -I/usr/local/opt/openssl@1.1/include -gstrict-dwarf -O2 -fPIC -Wall -Wsign-compare -Wfloat-equal -Wpointer-arith -Wcast-align -Wall -Werror _mkltmpX00vP7.c -o _mkltmpX00vP7.c.o  -L/usr/local/opt/openssl@1.1/lib -L/Users/mkananizadeh/Documents/Github/stream-me-up-scotty/demos/application-modernization/microservice/node_modules/node-rdkafka/build/deps 
DBG 40083: Setting syslog (syslog) status to ok (action disable)
DBG 40083: Compile check rapidjson (WITH_RAPIDJSON) (sub=0): g++  -I/usr/local/opt/openssl@1.1/include -gstrict-dwarf -O2 -fPIC -Wall -Wsign-compare -Wfloat-equal -Wpointer-arith -Wcast-align -Wall -Werror _mkltmp9m9sUz.cpp -o _mkltmp9m9sUz.cpp.o  -L/usr/local/opt/openssl@1.1/lib -L/Users/mkananizadeh/Documents/Github/stream-me-up-scotty/demos/application-modernization/microservice/node_modules/node-rdkafka/build/deps 
DBG 40083: compile check for rapidjson (WITH_RAPIDJSON) failed: g++  -I/usr/local/opt/openssl@1.1/include -gstrict-dwarf -O2 -fPIC -Wall -Wsign-compare -Wfloat-equal -Wpointer-arith -Wcast-align -Wall -Werror _mkltmp9m9sUz.cpp -o _mkltmp9m9sUz.cpp.o  -L/usr/local/opt/openssl@1.1/lib -L/Users/mkananizadeh/Documents/Github/stream-me-up-scotty/demos/application-modernization/microservice/node_modules/node-rdkafka/build/deps : _mkltmp9m9sUz.cpp:1:10: fatal error: 'rapidjson/schema.h' file not found
#include <rapidjson/schema.h>
         ^~~~~~~~~~~~~~~~~~~~
1 error generated.
DBG 40083: Setting rapidjson (rapidjson) status to failed (action disable)
DBG 40083: Check rapidjson (WITH_RAPIDJSON, action disable (originally disable)) failed: compile check failed:
CC: CXX
flags: 
g++  -I/usr/local/opt/openssl@1.1/include -gstrict-dwarf -O2 -fPIC -Wall -Wsign-compare -Wfloat-equal -Wpointer-arith -Wcast-align -Wall -Werror _mkltmp9m9sUz.cpp -o _mkltmp9m9sUz.cpp.o  -L/usr/local/opt/openssl@1.1/lib -L/Users/mkananizadeh/Documents/Github/stream-me-up-scotty/demos/application-modernization/microservice/node_modules/node-rdkafka/build/deps :
_mkltmp9m9sUz.cpp:1:10: fatal error: 'rapidjson/schema.h' file not found
#include <rapidjson/schema.h>
         ^~~~~~~~~~~~~~~~~~~~
1 error generated.
source: #include <rapidjson/schema.h>
DBG 40083: Compile check crc32chw (WITH_CRC32C_HW) (sub=0): gcc -I/usr/local/Cellar/openssl@1.1/1.1.1o/include -I/usr/local/Cellar/openssl@1.1/1.1.1o/include -I/usr/local/opt/openssl@1.1/include -gstrict-dwarf -O2 -fPIC -Wall -Wsign-compare -Wfloat-equal -Wpointer-arith -Wcast-align -Wall -Werror _mkltmpLF96cL.c -o _mkltmpLF96cL.c.o  -L/usr/local/opt/openssl@1.1/lib -L/Users/mkananizadeh/Documents/Github/stream-me-up-scotty/demos/application-modernization/microservice/node_modules/node-rdkafka/build/deps 
DBG 40083: Setting crc32chw (crc32chw) status to ok (action disable)
DBG 40083: Compile check regex (HAVE_REGEX) (sub=0): gcc -I/usr/local/Cellar/openssl@1.1/1.1.1o/include -I/usr/local/Cellar/openssl@1.1/1.1.1o/include -I/usr/local/opt/openssl@1.1/include -gstrict-dwarf -O2 -fPIC -Wall -Wsign-compare -Wfloat-equal -Wpointer-arith -Wcast-align -Wall -Werror _mkltmp5xwHPv.c -o _mkltmp5xwHPv.c.o  -L/usr/local/opt/openssl@1.1/lib -L/Users/mkananizadeh/Documents/Github/stream-me-up-scotty/demos/application-modernization/microservice/node_modules/node-rdkafka/build/deps 
DBG 40083: Setting regex (regex) status to ok (action disable)
DBG 40083: Compile check rand_r (HAVE_RAND_R) (sub=0): gcc -I/usr/local/Cellar/openssl@1.1/1.1.1o/include -I/usr/local/Cellar/openssl@1.1/1.1.1o/include -I/usr/local/opt/openssl@1.1/include -gstrict-dwarf -O2 -fPIC -Wall -Wsign-compare -Wfloat-equal -Wpointer-arith -Wcast-align -Wall -Werror _mkltmpxPigZn.c -o _mkltmpxPigZn.c.o  -L/usr/local/opt/openssl@1.1/lib -L/Users/mkananizadeh/Documents/Github/stream-me-up-scotty/demos/application-modernization/microservice/node_modules/node-rdkafka/build/deps 
DBG 40083: Setting rand_r (rand_r) status to ok (action disable)
DBG 40083: Compile check strndup (HAVE_STRNDUP) (sub=0): gcc -I/usr/local/Cellar/openssl@1.1/1.1.1o/include -I/usr/local/Cellar/openssl@1.1/1.1.1o/include -I/usr/local/opt/openssl@1.1/include -gstrict-dwarf -O2 -fPIC -Wall -Wsign-compare -Wfloat-equal -Wpointer-arith -Wcast-align -Wall -Werror _mkltmphH2wOH.c -o _mkltmphH2wOH.c.o  -L/usr/local/opt/openssl@1.1/lib -L/Users/mkananizadeh/Documents/Github/stream-me-up-scotty/demos/application-modernization/microservice/node_modules/node-rdkafka/build/deps 
DBG 40083: Setting strndup (strndup) status to ok (action disable)
DBG 40083: Compile check strlcpy (HAVE_STRLCPY) (sub=0): gcc -I/usr/local/Cellar/openssl@1.1/1.1.1o/include -I/usr/local/Cellar/openssl@1.1/1.1.1o/include -I/usr/local/opt/openssl@1.1/include -gstrict-dwarf -O2 -fPIC -Wall -Wsign-compare -Wfloat-equal -Wpointer-arith -Wcast-align -Wall -Werror _mkltmprzh39u.c -o _mkltmprzh39u.c.o  -L/usr/local/opt/openssl@1.1/lib -L/Users/mkananizadeh/Documents/Github/stream-me-up-scotty/demos/application-modernization/microservice/node_modules/node-rdkafka/build/deps 
DBG 40083: Setting strlcpy (strlcpy) status to ok (action disable)
DBG 40083: Compile check strerror_r (HAVE_STRERROR_R) (sub=0): gcc -I/usr/local/Cellar/openssl@1.1/1.1.1o/include -I/usr/local/Cellar/openssl@1.1/1.1.1o/include -I/usr/local/opt/openssl@1.1/include -gstrict-dwarf -O2 -fPIC -Wall -Wsign-compare -Wfloat-equal -Wpointer-arith -Wcast-align -Wall -Werror _mkltmpf44YZU.c -o _mkltmpf44YZU.c.o  -L/usr/local/opt/openssl@1.1/lib -L/Users/mkananizadeh/Documents/Github/stream-me-up-scotty/demos/application-modernization/microservice/node_modules/node-rdkafka/build/deps 
DBG 40083: Setting strerror_r (strerror_r) status to ok (action disable)
DBG 40083: Compile check pthread_setname_gnu (HAVE_PTHREAD_SETNAME_GNU) (sub=0): gcc -I/usr/local/Cellar/openssl@1.1/1.1.1o/include -I/usr/local/Cellar/openssl@1.1/1.1.1o/include -I/usr/local/opt/openssl@1.1/include -gstrict-dwarf -O2 -fPIC -Wall -Wsign-compare -Wfloat-equal -Wpointer-arith -Wcast-align -Wall -Werror _mkltmph6yJfs.c -o _mkltmph6yJfs.c.o  -L/usr/local/opt/openssl@1.1/lib -L/Users/mkananizadeh/Documents/Github/stream-me-up-scotty/demos/application-modernization/microservice/node_modules/node-rdkafka/build/deps -D_GNU_SOURCE -lpthread
DBG 40083: compile check for pthread_setname_gnu (HAVE_PTHREAD_SETNAME_GNU) failed: gcc -I/usr/local/Cellar/openssl@1.1/1.1.1o/include -I/usr/local/Cellar/openssl@1.1/1.1.1o/include -I/usr/local/opt/openssl@1.1/include -gstrict-dwarf -O2 -fPIC -Wall -Wsign-compare -Wfloat-equal -Wpointer-arith -Wcast-align -Wall -Werror _mkltmph6yJfs.c -o _mkltmph6yJfs.c.o  -L/usr/local/opt/openssl@1.1/lib -L/Users/mkananizadeh/Documents/Github/stream-me-up-scotty/demos/application-modernization/microservice/node_modules/node-rdkafka/build/deps -D_GNU_SOURCE -lpthread: _mkltmph6yJfs.c:5:38: error: too many arguments to function call, expected 1, have 2
  pthread_setname_np(pthread_self(), "abc");
  ~~~~~~~~~~~~~~~~~~                 ^~~~~
/Library/Developer/CommandLineTools/SDKs/MacOSX.sdk/usr/include/pthread.h:510:5: note: 'pthread_setname_np' declared here
int     pthread_setname_np(const char*);
        ^
1 error generated.
DBG 40083: Setting pthread_setname_gnu (pthread_setname_gnu) status to failed (action disable)
DBG 40083: Check pthread_setname_gnu (HAVE_PTHREAD_SETNAME_GNU, action disable (originally disable)) failed: compile check failed:
CC: CC
flags: -D_GNU_SOURCE -lpthread
gcc -I/usr/local/Cellar/openssl@1.1/1.1.1o/include -I/usr/local/Cellar/openssl@1.1/1.1.1o/include -I/usr/local/opt/openssl@1.1/include -gstrict-dwarf -O2 -fPIC -Wall -Wsign-compare -Wfloat-equal -Wpointer-arith -Wcast-align -Wall -Werror _mkltmph6yJfs.c -o _mkltmph6yJfs.c.o  -L/usr/local/opt/openssl@1.1/lib -L/Users/mkananizadeh/Documents/Github/stream-me-up-scotty/demos/application-modernization/microservice/node_modules/node-rdkafka/build/deps -D_GNU_SOURCE -lpthread:
_mkltmph6yJfs.c:5:38: error: too many arguments to function call, expected 1, have 2
  pthread_setname_np(pthread_self(), "abc");
  ~~~~~~~~~~~~~~~~~~                 ^~~~~
/Library/Developer/CommandLineTools/SDKs/MacOSX.sdk/usr/include/pthread.h:510:5: note: 'pthread_setname_np' declared here
int     pthread_setname_np(const char*);
        ^
1 error generated.
source: 
#include <pthread.h>

void foo (void) {
  pthread_setname_np(pthread_self(), "abc");
}

DBG 40083: Compile check pthread_setname_darwin (HAVE_PTHREAD_SETNAME_DARWIN) (sub=0): gcc -I/usr/local/Cellar/openssl@1.1/1.1.1o/include -I/usr/local/Cellar/openssl@1.1/1.1.1o/include -I/usr/local/opt/openssl@1.1/include -gstrict-dwarf -O2 -fPIC -Wall -Wsign-compare -Wfloat-equal -Wpointer-arith -Wcast-align -Wall -Werror _mkltmpeDM5WZ.c -o _mkltmpeDM5WZ.c.o  -L/usr/local/opt/openssl@1.1/lib -L/Users/mkananizadeh/Documents/Github/stream-me-up-scotty/demos/application-modernization/microservice/node_modules/node-rdkafka/build/deps -D_DARWIN_C_SOURCE -lpthread
DBG 40083: Setting pthread_setname_darwin (pthread_setname_darwin) status to ok (action disable)
DBG 40083: Setting nm (nm) status to ok (action cont)
DBG 40083: Compile check getrusage (HAVE_GETRUSAGE) (sub=0): gcc -I/usr/local/Cellar/openssl@1.1/1.1.1o/include -I/usr/local/Cellar/openssl@1.1/1.1.1o/include -I/usr/local/opt/openssl@1.1/include -gstrict-dwarf -O2 -fPIC -Wall -Wsign-compare -Wfloat-equal -Wpointer-arith -Wcast-align -Wall -Werror _mkltmpWAag4b.c -o _mkltmpWAag4b.c.o  -L/usr/local/opt/openssl@1.1/lib -L/Users/mkananizadeh/Documents/Github/stream-me-up-scotty/demos/application-modernization/microservice/node_modules/node-rdkafka/build/deps 
DBG 40083: Setting getrusage (getrusage) status to ok (action disable)
DBG 40083: Ignoring arg -L/usr/local/Cellar/openssl@1.1/1.1.1o/lib from LIBS while building STATIC and DYNAMIC lists
DBG 40083: Ignoring arg -L/usr/local/Cellar/openssl@1.1/1.1.1o/lib from LIBS while building STATIC and DYNAMIC lists
